Jun 03, 2022 11:42:11 AM org.eclipse.lemminx.XMLLanguageServer initialize
INFO: Initializing XML Language server
LemMinX Server info:
 - Version : 0.20.0
 - Native Image
 - VM Version : 17.0.2
 - Git [Branch 6e1aecb3182fe156f699aec0bbff0e196c1bd7fb] 6e1aecb - [maven-release-plugin] prepare release 0.20.0
Jun 09, 2022 8:41:06 AM org.eclipse.lemminx.XMLLanguageServer initialize
INFO: Initializing XML Language server
LemMinX Server info:
 - Version : 0.20.0
 - Native Image
 - VM Version : 17.0.2
 - Git [Branch 6e1aecb3182fe156f699aec0bbff0e196c1bd7fb] 6e1aecb - [maven-release-plugin] prepare release 0.20.0
Jun 09, 2022 2:22:53 PM org.eclipse.lemminx.XMLLanguageServer initialize
INFO: Initializing XML Language server
LemMinX Server info:
 - Version : 0.20.0
 - Native Image
 - VM Version : 17.0.2
 - Git [Branch 6e1aecb3182fe156f699aec0bbff0e196c1bd7fb] 6e1aecb - [maven-release-plugin] prepare release 0.20.0
Jun 15, 2022 11:50:47 AM org.eclipse.lemminx.XMLLanguageServer initialize
INFO: Initializing XML Language server
LemMinX Server info:
 - Version : 0.20.0
 - Native Image
 - VM Version : 17.0.2
 - Git [Branch 6e1aecb3182fe156f699aec0bbff0e196c1bd7fb] 6e1aecb - [maven-release-plugin] prepare release 0.20.0
